[INFO][main.go:43]2022/05/04 12:54:59 [------------------------服务器启动成功------------------------]
[INFO][grpcserver.go:20]2022/05/04 12:55:17 [Receive Grpc SayHi request :  fugiat enim  from  []
[INFO][ginserver.go:14]2022/05/04 12:55:22 [Receive Http /get request from  ::1]
[INFO][ginserver.go:14]2022/05/04 12:55:34 [Receive Http /get request from  ::1]
[INFO][grpcserver.go:26]2022/05/04 12:56:57 [Receive Grpc Stop request :  fugiat enim  from  []
[INFO][syscallOperate.go:22]2022/05/04 12:56:57 [------------------------开始平滑关闭服务器------------------------]
[INFO][syscallOperate.go:28]2022/05/04 12:56:57 [------------------------http已平滑退出------------------------]
[INFO][syscallOperate.go:30]2022/05/04 12:56:57 [------------------------grpc已平滑退出------------------------]
[INFO][syscallOperate.go:32]2022/05/04 12:56:57 [------------------------关闭成功------------------------]
[INFO][main.go:45]2022/05/04 13:05:36 [------------------------服务器启动成功------------------------]
[INFO][grpcserver.go:20]2022/05/04 13:05:43 [Receive Grpc SayHi request :  fugiat enim  from  []
[INFO][grpcserver.go:20]2022/05/04 13:05:45 [Receive Grpc SayHi request :  fugiat enim  from  []
[INFO][ginserver.go:14]2022/05/04 13:05:49 [Receive Http /get request from  ::1]
[INFO][ginserver.go:14]2022/05/04 13:05:50 [Receive Http /get request from  ::1]
[INFO][ginserver.go:21]2022/05/04 13:05:59 [Receive Http /stop request from  ::1]
[INFO][syscallOperate.go:21]2022/05/04 13:05:59 [------------------------开始平滑关闭服务器------------------------]
[INFO][syscallOperate.go:27]2022/05/04 13:05:59 [------------------------http已平滑退出------------------------]
[INFO][syscallOperate.go:29]2022/05/04 13:05:59 [------------------------grpc已平滑退出------------------------]
[INFO][syscallOperate.go:31]2022/05/04 13:05:59 [------------------------关闭成功------------------------]
[INFO][main.go:41]2022/05/04 13:08:20 [------------------------服务器启动成功------------------------]
[INFO][ginserver.go:14]2022/05/04 13:08:33 [Receive Http /get request from  ::1]
[INFO][ginserver.go:14]2022/05/04 13:08:35 [Receive Http /get request from  ::1]
[INFO][grpcserver.go:20]2022/05/04 13:08:38 [Receive Grpc SayHi request :  fugiat enim  from  []
[INFO][grpcserver.go:20]2022/05/04 13:08:40 [Receive Grpc SayHi request :  fugiat enim  from  []
[INFO][grpcserver.go:20]2022/05/04 13:08:41 [Receive Grpc SayHi request :  fugiat enim  from  []
[INFO][ginserver.go:14]2022/05/04 13:08:44 [Receive Http /get request from  ::1]
[INFO][ginserver.go:14]2022/05/04 13:08:46 [Receive Http /get request from  ::1]
[INFO][ginserver.go:21]2022/05/04 13:08:55 [Receive Http /stop request from  ::1]
[INFO][syscallOperate.go:23]2022/05/04 13:08:55 [------------------------开始平滑关闭服务器------------------------]
[INFO][syscallOperate.go:29]2022/05/04 13:08:55 [------------------------http已平滑退出------------------------]
[INFO][syscallOperate.go:31]2022/05/04 13:08:55 [------------------------grpc已平滑退出------------------------]
[INFO][syscallOperate.go:33]2022/05/04 13:08:55 [------------------------关闭成功------------------------]
[INFO][main.go:41]2022/05/04 15:18:23 [------------------------服务器启动成功------------------------]
[INFO][ginserver.go:14]2022/05/04 15:18:29 [Receive Http /get request from  ::1]
[INFO][ginserver.go:14]2022/05/04 15:18:30 [Receive Http /get request from  ::1]
[INFO][ginserver.go:21]2022/05/04 15:18:35 [Receive Http /stop request from  ::1]
[INFO][syscallOperate.go:23]2022/05/04 15:18:35 [------------------------开始平滑关闭服务器------------------------]
[ERROR][main.go:44]2022/05/04 15:18:35 [accept tcp [::]:23456: use of closed network connection]
[INFO][syscallOperate.go:29]2022/05/04 15:18:35 [------------------------http服务已平滑退出------------------------]
[INFO][syscallOperate.go:31]2022/05/04 15:18:35 [------------------------grpc服务已平滑退出------------------------]
[INFO][syscallOperate.go:33]2022/05/04 15:18:35 [------------------------关闭成功------------------------]
[INFO][main.go:41]2022/05/04 15:20:51 [------------------------服务器启动成功------------------------]
[INFO][ginserver.go:14]2022/05/04 15:20:56 [Receive Http /get request from  ::1]
[INFO][ginserver.go:14]2022/05/04 15:20:57 [Receive Http /get request from  ::1]
[INFO][ginserver.go:21]2022/05/04 15:20:59 [Receive Http /stop request from  ::1]
[INFO][syscallOperate.go:23]2022/05/04 15:20:59 [------------------------开始平滑关闭服务器------------------------]
[ERROR][main.go:44]2022/05/04 15:20:59 [accept tcp [::]:23456: use of closed network connection]
[INFO][syscallOperate.go:29]2022/05/04 15:20:59 [------------------------http服务已平滑退出------------------------]
[INFO][syscallOperate.go:31]2022/05/04 15:20:59 [------------------------grpc服务已平滑退出------------------------]
[INFO][syscallOperate.go:33]2022/05/04 15:20:59 [------------------------关闭成功------------------------]
[INFO][main.go:41]2022/05/04 15:24:21 [------------------------服务器启动成功------------------------]
[INFO][ginserver.go:21]2022/05/04 15:36:02 [Receive Http /stop request from  ::1]
[INFO][syscallOperate.go:23]2022/05/04 15:36:02 [------------------------开始平滑关闭服务器------------------------]
[ERROR][main.go:44]2022/05/04 15:36:02 [accept tcp [::]:23456: use of closed network connection]
[INFO][syscallOperate.go:29]2022/05/04 15:36:02 [------------------------http服务已平滑退出------------------------]
[INFO][syscallOperate.go:31]2022/05/04 15:36:02 [------------------------grpc服务已平滑退出------------------------]
[INFO][syscallOperate.go:33]2022/05/04 15:36:02 [------------------------关闭成功------------------------]
